2025-02-15 18:05:08,401 - INFO - Menyalin README.md ke folder C:\Users\LENOVO\Desktop\ridwankhafidi-docs\gitbook\docs\homework_Docs...
2025-02-15 18:05:08,401 - INFO - Template berhasil disalin ke: C:\Users\LENOVO\Desktop\ridwankhafidi-docs\gitbook\docs\homework_Docs\README.md
2025-02-15 18:05:08,409 - INFO - Menyalin README.md ke folder C:\Users\LENOVO\Desktop\ridwankhafidi-docs\gitbook\docs\my_organization...
2025-02-15 18:05:08,411 - WARNING - Folder C:\Users\LENOVO\Desktop\ridwankhafidi-docs\gitbook\docs\my_organization\README.md sudah ada, tidak perlu disalin.
2025-02-15 18:05:08,412 - INFO - Menyalin README.md ke folder C:\Users\LENOVO\Desktop\ridwankhafidi-docs\gitbook\docs\repository_Docs...
2025-02-15 18:05:08,415 - INFO - Template berhasil disalin ke: C:\Users\LENOVO\Desktop\ridwankhafidi-docs\gitbook\docs\repository_Docs\README.md
2025-02-15 18:05:08,417 - INFO - Menyalin README.md ke folder C:\Users\LENOVO\Desktop\ridwankhafidi-docs\gitbook\docs\homework_Docs\nomatif_week...
2025-02-15 18:05:08,429 - INFO - Template berhasil disalin ke: C:\Users\LENOVO\Desktop\ridwankhafidi-docs\gitbook\docs\homework_Docs\nomatif_week\README.md
2025-02-15 18:05:08,430 - INFO - Menyalin README.md ke folder C:\Users\LENOVO\Desktop\ridwankhafidi-docs\gitbook\docs\homework_Docs\produktif_wekk...
2025-02-15 18:05:08,435 - INFO - Template berhasil disalin ke: C:\Users\LENOVO\Desktop\ridwankhafidi-docs\gitbook\docs\homework_Docs\produktif_wekk\README.md
2025-02-15 18:05:08,441 - INFO - Menyalin README.md ke folder C:\Users\LENOVO\Desktop\ridwankhafidi-docs\gitbook\docs\homework_Docs\nomatif_week\bk...
2025-02-15 18:05:08,445 - INFO - Template berhasil disalin ke: C:\Users\LENOVO\Desktop\ridwankhafidi-docs\gitbook\docs\homework_Docs\nomatif_week\bk\README.md
2025-02-15 18:05:08,447 - INFO - Menyalin README.md ke folder C:\Users\LENOVO\Desktop\ridwankhafidi-docs\gitbook\docs\homework_Docs\nomatif_week\b_indo...
2025-02-15 18:05:08,450 - INFO - Template berhasil disalin ke: C:\Users\LENOVO\Desktop\ridwankhafidi-docs\gitbook\docs\homework_Docs\nomatif_week\b_indo\README.md
2025-02-15 18:05:08,453 - INFO - Menyalin README.md ke folder C:\Users\LENOVO\Desktop\ridwankhafidi-docs\gitbook\docs\homework_Docs\nomatif_week\b_ingris...
2025-02-15 18:05:08,459 - INFO - Template berhasil disalin ke: C:\Users\LENOVO\Desktop\ridwankhafidi-docs\gitbook\docs\homework_Docs\nomatif_week\b_ingris\README.md
2025-02-15 18:05:08,460 - INFO - Menyalin README.md ke folder C:\Users\LENOVO\Desktop\ridwankhafidi-docs\gitbook\docs\homework_Docs\nomatif_week\mtk...
2025-02-15 18:05:08,463 - INFO - Template berhasil disalin ke: C:\Users\LENOVO\Desktop\ridwankhafidi-docs\gitbook\docs\homework_Docs\nomatif_week\mtk\README.md
2025-02-15 18:05:08,464 - INFO - Menyalin README.md ke folder C:\Users\LENOVO\Desktop\ridwankhafidi-docs\gitbook\docs\homework_Docs\nomatif_week\pai...
2025-02-15 18:05:08,469 - INFO - Template berhasil disalin ke: C:\Users\LENOVO\Desktop\ridwankhafidi-docs\gitbook\docs\homework_Docs\nomatif_week\pai\README.md
2025-02-15 18:05:08,473 - INFO - Menyalin README.md ke folder C:\Users\LENOVO\Desktop\ridwankhafidi-docs\gitbook\docs\homework_Docs\nomatif_week\pjok...
2025-02-15 18:05:08,478 - INFO - Template berhasil disalin ke: C:\Users\LENOVO\Desktop\ridwankhafidi-docs\gitbook\docs\homework_Docs\nomatif_week\pjok\README.md
2025-02-15 18:05:08,481 - INFO - Menyalin README.md ke folder C:\Users\LENOVO\Desktop\ridwankhafidi-docs\gitbook\docs\homework_Docs\nomatif_week\ppkn...
2025-02-15 18:05:08,492 - INFO - Template berhasil disalin ke: C:\Users\LENOVO\Desktop\ridwankhafidi-docs\gitbook\docs\homework_Docs\nomatif_week\ppkn\README.md
2025-02-15 18:05:08,493 - INFO - Menyalin README.md ke folder C:\Users\LENOVO\Desktop\ridwankhafidi-docs\gitbook\docs\homework_Docs\nomatif_week\sejarah...
2025-02-15 18:05:08,496 - INFO - Template berhasil disalin ke: C:\Users\LENOVO\Desktop\ridwankhafidi-docs\gitbook\docs\homework_Docs\nomatif_week\sejarah\README.md
2025-02-15 18:05:08,501 - INFO - Menyalin README.md ke folder C:\Users\LENOVO\Desktop\ridwankhafidi-docs\gitbook\docs\homework_Docs\produktif_wekk\iml...
2025-02-15 18:05:08,507 - INFO - Template berhasil disalin ke: C:\Users\LENOVO\Desktop\ridwankhafidi-docs\gitbook\docs\homework_Docs\produktif_wekk\iml\README.md
2025-02-15 18:05:08,508 - INFO - Menyalin README.md ke folder C:\Users\LENOVO\Desktop\ridwankhafidi-docs\gitbook\docs\homework_Docs\produktif_wekk\ipl...
2025-02-15 18:05:08,511 - INFO - Template berhasil disalin ke: C:\Users\LENOVO\Desktop\ridwankhafidi-docs\gitbook\docs\homework_Docs\produktif_wekk\ipl\README.md
2025-02-15 18:05:08,512 - INFO - Menyalin README.md ke folder C:\Users\LENOVO\Desktop\ridwankhafidi-docs\gitbook\docs\homework_Docs\produktif_wekk\itl...
2025-02-15 18:05:08,516 - INFO - Template berhasil disalin ke: C:\Users\LENOVO\Desktop\ridwankhafidi-docs\gitbook\docs\homework_Docs\produktif_wekk\itl\README.md
2025-02-15 18:05:08,516 - INFO - Menyalin README.md ke folder C:\Users\LENOVO\Desktop\ridwankhafidi-docs\gitbook\docs\homework_Docs\produktif_wekk\mpp...
2025-02-15 18:05:08,526 - INFO - Template berhasil disalin ke: C:\Users\LENOVO\Desktop\ridwankhafidi-docs\gitbook\docs\homework_Docs\produktif_wekk\mpp\README.md
2025-02-15 18:05:08,528 - INFO - Menyalin README.md ke folder C:\Users\LENOVO\Desktop\ridwankhafidi-docs\gitbook\docs\homework_Docs\produktif_wekk\ppkwu...
2025-02-15 18:05:08,533 - INFO - Template berhasil disalin ke: C:\Users\LENOVO\Desktop\ridwankhafidi-docs\gitbook\docs\homework_Docs\produktif_wekk\ppkwu\README.md
2025-02-15 18:05:08,537 - INFO - Menyalin README.md ke folder C:\Users\LENOVO\Desktop\ridwankhafidi-docs\gitbook\docs\my_organization\repository_docs...
2025-02-15 18:05:08,541 - INFO - Template berhasil disalin ke: C:\Users\LENOVO\Desktop\ridwankhafidi-docs\gitbook\docs\my_organization\repository_docs\README.md
2025-02-15 18:05:08,544 - INFO - Menyalin README.md ke folder C:\Users\LENOVO\Desktop\ridwankhafidi-docs\gitbook\docs\repository_Docs\auto-prs-merge-rebase...
2025-02-15 18:05:08,547 - INFO - Template berhasil disalin ke: C:\Users\LENOVO\Desktop\ridwankhafidi-docs\gitbook\docs\repository_Docs\auto-prs-merge-rebase\README.md
2025-02-15 18:05:08,551 - INFO - Menyalin README.md ke folder C:\Users\LENOVO\Desktop\ridwankhafidi-docs\gitbook\docs\repository_Docs\auto-riview...
2025-02-15 18:05:08,557 - INFO - Template berhasil disalin ke: C:\Users\LENOVO\Desktop\ridwankhafidi-docs\gitbook\docs\repository_Docs\auto-riview\README.md
2025-02-15 18:05:08,558 - INFO - Menyalin README.md ke folder C:\Users\LENOVO\Desktop\ridwankhafidi-docs\gitbook\docs\repository_Docs\badgeTemplates...
2025-02-15 18:05:08,562 - INFO - Template berhasil disalin ke: C:\Users\LENOVO\Desktop\ridwankhafidi-docs\gitbook\docs\repository_Docs\badgeTemplates\README.md
2025-02-15 18:05:08,565 - INFO - Menyalin README.md ke folder C:\Users\LENOVO\Desktop\ridwankhafidi-docs\gitbook\docs\repository_Docs\CitrusDevTemplates...
2025-02-15 18:05:08,571 - INFO - Template berhasil disalin ke: C:\Users\LENOVO\Desktop\ridwankhafidi-docs\gitbook\docs\repository_Docs\CitrusDevTemplates\README.md
2025-02-15 18:05:08,574 - INFO - Menyalin README.md ke folder C:\Users\LENOVO\Desktop\ridwankhafidi-docs\gitbook\docs\repository_Docs\code_snippetManager...
2025-02-15 18:05:08,579 - INFO - Template berhasil disalin ke: C:\Users\LENOVO\Desktop\ridwankhafidi-docs\gitbook\docs\repository_Docs\code_snippetManager\README.md
2025-02-15 18:05:08,580 - INFO - Menyalin README.md ke folder C:\Users\LENOVO\Desktop\ridwankhafidi-docs\gitbook\docs\repository_Docs\encryptionFile...
2025-02-15 18:05:08,585 - INFO - Template berhasil disalin ke: C:\Users\LENOVO\Desktop\ridwankhafidi-docs\gitbook\docs\repository_Docs\encryptionFile\README.md
2025-02-15 18:05:08,585 - INFO - Menyalin README.md ke folder C:\Users\LENOVO\Desktop\ridwankhafidi-docs\gitbook\docs\repository_Docs\folderPathGrnerator...
2025-02-15 18:05:08,591 - INFO - Template berhasil disalin ke: C:\Users\LENOVO\Desktop\ridwankhafidi-docs\gitbook\docs\repository_Docs\folderPathGrnerator\README.md
2025-02-15 18:05:08,593 - INFO - Menyalin README.md ke folder C:\Users\LENOVO\Desktop\ridwankhafidi-docs\gitbook\docs\repository_Docs\git-cli-guide...
2025-02-15 18:05:08,604 - INFO - Template berhasil disalin ke: C:\Users\LENOVO\Desktop\ridwankhafidi-docs\gitbook\docs\repository_Docs\git-cli-guide\README.md
2025-02-15 18:05:08,609 - INFO - Menyalin README.md ke folder C:\Users\LENOVO\Desktop\ridwankhafidi-docs\gitbook\docs\repository_Docs\git-commit-tools...
2025-02-15 18:05:08,612 - INFO - Template berhasil disalin ke: C:\Users\LENOVO\Desktop\ridwankhafidi-docs\gitbook\docs\repository_Docs\git-commit-tools\README.md
2025-02-15 18:05:08,614 - INFO - Menyalin README.md ke folder C:\Users\LENOVO\Desktop\ridwankhafidi-docs\gitbook\docs\repository_Docs\githubTips...
2025-02-15 18:05:08,621 - INFO - Template berhasil disalin ke: C:\Users\LENOVO\Desktop\ridwankhafidi-docs\gitbook\docs\repository_Docs\githubTips\README.md
2025-02-15 18:05:08,622 - INFO - Menyalin README.md ke folder C:\Users\LENOVO\Desktop\ridwankhafidi-docs\gitbook\docs\repository_Docs\Javascript_To_Python...
2025-02-15 18:05:08,625 - INFO - Template berhasil disalin ke: C:\Users\LENOVO\Desktop\ridwankhafidi-docs\gitbook\docs\repository_Docs\Javascript_To_Python\README.md
2025-02-15 18:05:08,627 - INFO - Menyalin README.md ke folder C:\Users\LENOVO\Desktop\ridwankhafidi-docs\gitbook\docs\repository_Docs\jsDeliverLinkGenerators...
2025-02-15 18:05:08,631 - INFO - Template berhasil disalin ke: C:\Users\LENOVO\Desktop\ridwankhafidi-docs\gitbook\docs\repository_Docs\jsDeliverLinkGenerators\README.md
2025-02-15 18:05:08,633 - INFO - Menyalin README.md ke folder C:\Users\LENOVO\Desktop\ridwankhafidi-docs\gitbook\docs\repository_Docs\Map_Folder_path...
2025-02-15 18:05:08,637 - INFO - Template berhasil disalin ke: C:\Users\LENOVO\Desktop\ridwankhafidi-docs\gitbook\docs\repository_Docs\Map_Folder_path\README.md
2025-02-15 18:05:08,639 - INFO - Menyalin README.md ke folder C:\Users\LENOVO\Desktop\ridwankhafidi-docs\gitbook\docs\repository_Docs\MinimalMasukGoogle...
2025-02-15 18:05:08,644 - INFO - Template berhasil disalin ke: C:\Users\LENOVO\Desktop\ridwankhafidi-docs\gitbook\docs\repository_Docs\MinimalMasukGoogle\README.md
2025-02-15 18:05:08,645 - INFO - Menyalin README.md ke folder C:\Users\LENOVO\Desktop\ridwankhafidi-docs\gitbook\docs\repository_Docs\MyDocumentation...
2025-02-15 18:05:08,647 - INFO - Template berhasil disalin ke: C:\Users\LENOVO\Desktop\ridwankhafidi-docs\gitbook\docs\repository_Docs\MyDocumentation\README.md
2025-02-15 18:05:08,650 - INFO - Menyalin README.md ke folder C:\Users\LENOVO\Desktop\ridwankhafidi-docs\gitbook\docs\repository_Docs\MyRoadmap...
2025-02-15 18:05:08,657 - INFO - Template berhasil disalin ke: C:\Users\LENOVO\Desktop\ridwankhafidi-docs\gitbook\docs\repository_Docs\MyRoadmap\README.md
2025-02-15 18:05:08,659 - INFO - Menyalin README.md ke folder C:\Users\LENOVO\Desktop\ridwankhafidi-docs\gitbook\docs\repository_Docs\passowrd_manager...
2025-02-15 18:05:08,662 - INFO - Template berhasil disalin ke: C:\Users\LENOVO\Desktop\ridwankhafidi-docs\gitbook\docs\repository_Docs\passowrd_manager\README.md
2025-02-15 18:05:08,663 - INFO - Menyalin README.md ke folder C:\Users\LENOVO\Desktop\ridwankhafidi-docs\gitbook\docs\repository_Docs\PRs-and-tagGuide...
2025-02-15 18:05:08,671 - INFO - Template berhasil disalin ke: C:\Users\LENOVO\Desktop\ridwankhafidi-docs\gitbook\docs\repository_Docs\PRs-and-tagGuide\README.md
2025-02-15 18:05:08,672 - INFO - Menyalin README.md ke folder C:\Users\LENOVO\Desktop\ridwankhafidi-docs\gitbook\docs\repository_Docs\ridwan-arch-v...
2025-02-15 18:05:08,679 - INFO - Template berhasil disalin ke: C:\Users\LENOVO\Desktop\ridwankhafidi-docs\gitbook\docs\repository_Docs\ridwan-arch-v\README.md
2025-02-15 18:05:08,680 - INFO - Menyalin README.md ke folder C:\Users\LENOVO\Desktop\ridwankhafidi-docs\gitbook\docs\repository_Docs\ridwankhafidi...
2025-02-15 18:05:08,690 - INFO - Template berhasil disalin ke: C:\Users\LENOVO\Desktop\ridwankhafidi-docs\gitbook\docs\repository_Docs\ridwankhafidi\README.md
2025-02-15 18:05:08,691 - INFO - Menyalin README.md ke folder C:\Users\LENOVO\Desktop\ridwankhafidi-docs\gitbook\docs\repository_Docs\SEMANGAT...
2025-02-15 18:05:08,694 - INFO - Template berhasil disalin ke: C:\Users\LENOVO\Desktop\ridwankhafidi-docs\gitbook\docs\repository_Docs\SEMANGAT\README.md
2025-02-15 18:05:08,696 - INFO - Menyalin README.md ke folder C:\Users\LENOVO\Desktop\ridwankhafidi-docs\gitbook\docs\repository_Docs\Tools-FolderCopyFast...
2025-02-15 18:05:08,705 - INFO - Template berhasil disalin ke: C:\Users\LENOVO\Desktop\ridwankhafidi-docs\gitbook\docs\repository_Docs\Tools-FolderCopyFast\README.md
2025-02-15 18:05:08,707 - INFO - Menyalin README.md ke folder C:\Users\LENOVO\Desktop\ridwankhafidi-docs\gitbook\docs\repository_Docs\XCEL...
2025-02-15 18:05:08,712 - INFO - Template berhasil disalin ke: C:\Users\LENOVO\Desktop\ridwankhafidi-docs\gitbook\docs\repository_Docs\XCEL\README.md
